[debug] [2020-04-20T05:21:59.506Z] ----------------------------------------------------------------------
[debug] [2020-04-20T05:21:59.508Z] Command:       C:\Program Files\nodejs\node.exe C:\Program Files\nodejs\node_modules\firebase-tools\lib\bin\firebase.js emulators:start --only functions
[debug] [2020-04-20T05:21:59.508Z] CLI Version:   8.0.2
[debug] [2020-04-20T05:21:59.508Z] Platform:      win32
[debug] [2020-04-20T05:21:59.508Z] Node Version:  v13.9.0
[debug] [2020-04-20T05:21:59.509Z] Time:          Mon Apr 20 2020 00:21:59 GMT-0500 (Central Daylight Time)
[debug] [2020-04-20T05:21:59.510Z] ----------------------------------------------------------------------
[debug] [2020-04-20T05:21:59.510Z] 
[debug] [2020-04-20T05:21:59.555Z] > command requires scopes: ["email","openid","https://www.googleapis.com/auth/cloudplatformprojects.readonly","https://www.googleapis.com/auth/firebase","https://www.googleapis.com/auth/cloud-platform"]
[debug] [2020-04-20T05:21:59.556Z] > authorizing via signed-in user
[info] i  emulators: Starting emulators: functions
[warn] !  emulators: It seems that you are running multiple instances of the emulator suite for project investmentapp-2a622. This may result in unexpected behavior.
[debug] [2020-04-20T05:22:01.637Z] [hub] writing locator at C:\Users\shuge\AppData\Local\Temp\hub-investmentapp-2a622.json
[info] +  hub: emulator hub started at http://localhost:4400
[warn] !  Your requested "node" version "8" doesn't match your global version "13"
[info] +  functions: functions emulator started at http://localhost:5001
[info] i  functions: Watching "C:\Users\shuge\Documents\Develop\Finance\client\functions" for Cloud Functions...
[debug] [2020-04-20T05:22:03.687Z] [worker-pool] addWorker(~diagnostic~) 
[debug] [2020-04-20T05:22:03.687Z] [worker-pool] Adding worker with key ~diagnostic~, total=1 
[debug] [2020-04-20T05:22:03.687Z] [worker-pool] submitWork(triggerId=) 
[debug] [2020-04-20T05:22:03.688Z] [worker-~diagnostic~-f8f5ed67-d215-4646-ad41-d5ab576d8e84]: Assigning socketPath: \\?\pipe\C:\Users\shuge\Documents\Develop\Finance\client\functions\13824 
[debug] [2020-04-20T05:22:03.688Z] [worker-~diagnostic~-f8f5ed67-d215-4646-ad41-d5ab576d8e84]: BUSY 
[debug] [2020-04-20T05:22:04.223Z] [runtime-status] [13824] Functions runtime initialized. {"cwd":"C:\\Users\\shuge\\Documents\\Develop\\Finance\\client\\functions","node_version":"13.9.0"} 
[debug] [2020-04-20T05:22:04.231Z] [runtime-status] [13824] Disabled runtime features: undefined 
[debug] [2020-04-20T05:22:04.253Z] [runtime-status] [13824] Resolved module firebase-admin {"declared":true,"installed":true,"version":"8.10.0","resolution":"C:\\Users\\shuge\\Documents\\Develop\\Finance\\client\\functions\\node_modules\\firebase-admin\\lib\\index.js"} 
[debug] [2020-04-20T05:22:04.268Z] [runtime-status] [13824] Resolved module firebase-functions {"declared":true,"installed":true,"version":"3.6.0","resolution":"C:\\Users\\shuge\\Documents\\Develop\\Finance\\client\\functions\\node_modules\\firebase-functions\\lib\\index.js"} 
[debug] [2020-04-20T05:22:04.274Z] [runtime-status] [13824] Found local functions config: C:\Users\shuge\Documents\Develop\Finance\client\functions/.runtimeconfig.json 
[debug] [2020-04-20T05:22:04.277Z] [runtime-status] [13824] Outgoing network have been stubbed. [{"name":"http","status":"mocked"},{"name":"http","status":"mocked"},{"name":"https","status":"mocked"},{"name":"https","status":"mocked"},{"name":"net","status":"mocked"}] 
[debug] [2020-04-20T05:22:04.704Z] [runtime-status] [13824] Checked functions.config() {"config":{"iex":{"token":"pk_244eb299acdd4f11bf7e872844abcce4"}}} 
[debug] [2020-04-20T05:22:04.705Z] [runtime-status] [13824] Resolved module firebase-functions {"declared":true,"installed":true,"version":"3.6.0","resolution":"C:\\Users\\shuge\\Documents\\Develop\\Finance\\client\\functions\\node_modules\\firebase-functions\\lib\\index.js"} 
[debug] [2020-04-20T05:22:04.707Z] [runtime-status] [13824] Resolved module firebase-admin {"declared":true,"installed":true,"version":"8.10.0","resolution":"C:\\Users\\shuge\\Documents\\Develop\\Finance\\client\\functions\\node_modules\\firebase-admin\\lib\\index.js"} 
[debug] [2020-04-20T05:22:04.708Z] [runtime-status] [13824] Resolved module firebase-functions {"declared":true,"installed":true,"version":"3.6.0","resolution":"C:\\Users\\shuge\\Documents\\Develop\\Finance\\client\\functions\\node_modules\\firebase-functions\\lib\\index.js"} 
[debug] [2020-04-20T05:22:04.708Z] [runtime-status] [13824] firebase-admin has been stubbed. {"adminResolution":{"declared":true,"installed":true,"version":"8.10.0","resolution":"C:\\Users\\shuge\\Documents\\Develop\\Finance\\client\\functions\\node_modules\\firebase-admin\\lib\\index.js"}} 
[debug] [2020-04-20T05:22:05.536Z] [runtime-status] [13824] config() parent accessed! {"parentKey":"firebase","parentConfig":{"iex":{"token":"pk_244eb299acdd4f11bf7e872844abcce4"}}} 
[debug] [2020-04-20T05:22:05.538Z] [runtime-status] [13824] initializeApp(DEFAULT) {"databaseURL":"https://investmentapp-2a622.firebaseio.com","storageBucket":"investmentapp-2a622.appspot.com","projectId":"investmentapp-2a622"} 
[debug] [2020-04-20T05:22:05.538Z] [runtime-status] [13824] config() parent accessed! {"parentKey":"iex","parentConfig":{"iex":{"token":"pk_244eb299acdd4f11bf7e872844abcce4"}}} 
[info] +  functions[webApi]: http function initialized (http://localhost:5001/investmentapp-2a622/us-central1/webApi).
[info] +  emulators: All emulators started, it is now safe to connect.
[debug] [2020-04-20T05:22:05.554Z] [worker-~diagnostic~-f8f5ed67-d215-4646-ad41-d5ab576d8e84]: IDLE 
